DHK/build/intermediates/manifest_merge_blame_file/KaUMi1Release/manifest-merger-blame-KaUMi1-release-report.txt
1<?xml version="1.0" encoding="utf-8"?>
2<manifest xmlns:android="http://schemas.android.com/apk/res/android"
3    package="com.kym.ui"
4    android:versionCode="2"
5    android:versionName="1.2.1" >
6
7    <uses-sdk
8        android:minSdkVersion="16"
8-->src\main\AndroidManifest.xml
9        android:targetSdkVersion="28" />
9-->src\main\AndroidManifest.xml
10    <!-- 个推SDK权限配置开始 -->
11    <supports-screens
11-->src\main\AndroidManifest.xml:6:5-11:39
12        android:anyDensity="true"
12-->src\main\AndroidManifest.xml:7:9-34
13        android:largeScreens="true"
13-->src\main\AndroidManifest.xml:8:9-36
14        android:normalScreens="true"
14-->src\main\AndroidManifest.xml:9:9-37
15        android:resizeable="true"
15-->src\main\AndroidManifest.xml:10:9-34
16        android:smallScreens="true" />
16-->src\main\AndroidManifest.xml:11:9-36
17
18    <!-- 个推电子围栏功能所需权限 -->
19
20    <uses-permission android:name="android.permission.USE_FINGERPRINT" /> <!-- 用于访问网络，网络定位需要上网 -->
20-->src\main\AndroidManifest.xml:18:5-74
20-->src\main\AndroidManifest.xml:18:22-71
21    <uses-permission android:name="android.permission.INTERNET" /> <!-- 用于读取手机当前的状态 -->
21-->src\main\AndroidManifest.xml:19:5-67
21-->src\main\AndroidManifest.xml:19:22-64
22    <uses-permission android:name="android.permission.READ_PHONE_STATE" />
22-->src\main\AndroidManifest.xml:20:5-75
22-->src\main\AndroidManifest.xml:20:22-72
23    <uses-permission android:name="android.permission.CALL_PHONE" /> <!-- 读写权限 -->
23-->src\main\AndroidManifest.xml:21:5-69
23-->src\main\AndroidManifest.xml:21:22-66
24    <uses-permission android:name="android.permission.READ_EXTERNAL_STORAGE" />
24-->src\main\AndroidManifest.xml:22:5-80
24-->src\main\AndroidManifest.xml:22:22-77
25    <uses-permission android:name="android.permission.WRITE_EXTERNAL_STORAGE" /> <!-- location用于进行网络定位 -->
25-->src\main\AndroidManifest.xml:23:5-81
25-->src\main\AndroidManifest.xml:23:22-78
26    <!-- <uses-permission android:name="android.permission.ACCESS_COARSE_LOCATION" /> -->
27    <!-- <uses-permission android:name="android.permission.ACCESS_FINE_LOCATION" /> -->
28    <!-- location获取运营商信息，用于支持提供运营商信息相关的接口 -->
29    <uses-permission android:name="android.permission.ACCESS_NETWORK_STATE" /> <!-- location这个权限用于获取wifi的获取权限，wifi信息会用来进行网络定位 -->
29-->src\main\AndroidManifest.xml:27:5-79
29-->src\main\AndroidManifest.xml:27:22-76
30    <uses-permission android:name="android.permission.CHANGE_WIFI_STATE" />
30-->src\main\AndroidManifest.xml:28:5-76
30-->src\main\AndroidManifest.xml:28:22-73
31
32    <permission android:name="android.permission.CHANGE_CONFIGURATION" /> <!-- 更改设置 -->
32-->src\main\AndroidManifest.xml:30:5-74
32-->src\main\AndroidManifest.xml:30:17-71
33    <permission android:name="android.permission.WRITE_SETTINGS" /> <!-- location用于访问wifi网络信息，wifi信息会用于进行网络定位 -->
33-->src\main\AndroidManifest.xml:31:5-68
33-->src\main\AndroidManifest.xml:31:17-65
34    <uses-permission android:name="android.permission.ACCESS_WIFI_STATE" /> <!-- location用于申请调用A-GPS模块 -->
34-->src\main\AndroidManifest.xml:32:5-76
34-->src\main\AndroidManifest.xml:32:22-73
35    <uses-permission android:name="android.permission.ACCESS_LOCATION_EXTRA_COMMANDS" /> <!-- 个推所需支持iBeancon 需要蓝牙权限 -->
35-->src\main\AndroidManifest.xml:33:5-89
35-->src\main\AndroidManifest.xml:33:22-86
36    <!-- 可以提高室内定位的精确度 -->
37    <uses-permission android:name="android.permission.BLUETOOTH" />
37-->src\main\AndroidManifest.xml:35:5-68
37-->src\main\AndroidManifest.xml:35:22-65
38    <uses-permission android:name="android.permission.BLUETOOTH_ADMIN" /> <!-- 个推3.0电子围栏功能所需权限 -->
38-->src\main\AndroidManifest.xml:36:5-74
38-->src\main\AndroidManifest.xml:36:22-71
39    <uses-permission android:name="android.permission.ACCESS_BACKGROUND_LOCATION" />
39-->src\main\AndroidManifest.xml:37:5-85
39-->src\main\AndroidManifest.xml:37:22-82
40    <uses-permission android:name="android.permission.FOREGROUND_SERVICE" />
40-->src\main\AndroidManifest.xml:38:5-77
40-->src\main\AndroidManifest.xml:38:22-74
41    <uses-permission android:name="android.permission.RECEIVE_BOOT_COMPLETED" />
41-->src\main\AndroidManifest.xml:39:5-81
41-->src\main\AndroidManifest.xml:39:22-78
42    <uses-permission android:name="android.permission.VIBRATE" />
42-->src\main\AndroidManifest.xml:40:5-66
42-->src\main\AndroidManifest.xml:40:22-63
43    <uses-permission android:name="android.permission.GET_TASKS" />
43-->src\main\AndroidManifest.xml:41:5-68
43-->src\main\AndroidManifest.xml:41:22-65
44    <uses-permission android:name="android.permission.RECORD_AUDIO" />
44-->src\main\AndroidManifest.xml:42:5-71
44-->src\main\AndroidManifest.xml:42:22-68
45    <uses-permission android:name="android.permission.WAKE_LOCK" />
45-->src\main\AndroidManifest.xml:43:5-68
45-->src\main\AndroidManifest.xml:43:22-65
46    <uses-permission android:name="android.permission.RESTART_PACKAGES" />
46-->src\main\AndroidManifest.xml:44:5-75
46-->src\main\AndroidManifest.xml:44:22-72
47    <uses-permission android:name="android.permission.CAMERA" />
47-->src\main\AndroidManifest.xml:45:5-65
47-->src\main\AndroidManifest.xml:45:22-62
48    <uses-permission android:name="android.permission.FLASHLIGHT" />
48-->src\main\AndroidManifest.xml:46:5-69
48-->src\main\AndroidManifest.xml:46:22-66
49    <uses-permission android:name="android.permission.MODIFY_AUDIO_SETTINGS" />
49-->src\main\AndroidManifest.xml:47:5-80
49-->src\main\AndroidManifest.xml:47:22-77
50    <uses-permission android:name="android.permission.INTERACT_ACROSS_USERS_FULL" /> <!-- 浮动通知权限 -->
50-->src\main\AndroidManifest.xml:48:5-50:47
50-->src\main\AndroidManifest.xml:49:9-69
51    <uses-permission android:name="android.permission.SYSTEM_ALERT_WINDOW" />
51-->src\main\AndroidManifest.xml:51:5-78
51-->src\main\AndroidManifest.xml:51:22-75
52
53    <uses-feature android:name="android.hardware.camera" />
53-->src\main\AndroidManifest.xml:53:5-60
53-->src\main\AndroidManifest.xml:53:19-57
54    <uses-feature
54-->src\main\AndroidManifest.xml:54:5-56:35
55        android:name="android.hardware.camera.autofocus"
55-->src\main\AndroidManifest.xml:55:9-57
56        android:required="true" />
56-->src\main\AndroidManifest.xml:56:9-32
57    <uses-feature
57-->src\main\AndroidManifest.xml:57:5-59:36
58        android:name="android.hardware.camera.front"
58-->src\main\AndroidManifest.xml:58:9-53
59        android:required="false" />
59-->src\main\AndroidManifest.xml:59:9-33
60    <uses-feature android:name="android.hardware.camera.flash" />
60-->src\main\AndroidManifest.xml:60:5-66
60-->src\main\AndroidManifest.xml:60:19-63
61
62    <uses-permission android:name="com.fingerprints.service.ACCESS_FINGERPRINT_MANAGER" />
62-->[com.github.supertaohaili:fingerprint:1.0.0] AndroidManifest.xml:12:5-91
62-->[com.github.supertaohaili:fingerprint:1.0.0] AndroidManifest.xml:12:22-88
63    <uses-permission android:name="com.samsung.android.providers.context.permission.WRITE_USE_APP_FEATURE_SURVEY" />
63-->[com.github.supertaohaili:fingerprint:1.0.0] AndroidManifest.xml:13:5-117
63-->[com.github.supertaohaili:fingerprint:1.0.0] AndroidManifest.xml:13:22-114
64
65    <uses-feature android:name="android.hardware.camera2.full" />
65-->[:ocr_ui] AndroidManifest.xml:16:5-66
65-->[:ocr_ui] AndroidManifest.xml:16:19-63
66
67    <uses-permission android:name="android.permission.MOUNT_UNMOUNT_FILESYSTEMS" /> <!-- 自定义权限 -->
67-->[com.lzy.net:okgo:3.0.4] AndroidManifest.xml:29:5-84
67-->[com.lzy.net:okgo:3.0.4] AndroidManifest.xml:29:22-81
68    <uses-permission android:name="getui.permission.GetuiService.com.kym.ui" />
68-->[com.getui:sdk:2.13.3.0] AndroidManifest.xml:16:5-86
68-->[com.getui:sdk:2.13.3.0] AndroidManifest.xml:16:22-83
69
70    <permission
70-->[com.getui:sdk:2.13.3.0] AndroidManifest.xml:18:5-20:44
71        android:name="getui.permission.GetuiService.com.kym.ui"
71-->[com.getui:sdk:2.13.3.0] AndroidManifest.xml:19:9-70
72        android:protectionLevel="normal" />
72-->[com.getui:sdk:2.13.3.0] AndroidManifest.xml:20:9-41
73
74    <application
74-->src\main\AndroidManifest.xml:62:5-450:19
75        android:name="com.kym.ui.util.MyApplication"
75-->src\main\AndroidManifest.xml:63:9-53
76        android:allowBackup="true"
76-->src\main\AndroidManifest.xml:64:9-35
77        android:appComponentFactory="android.support.v4.app.CoreComponentFactory"
77-->[com.android.support:support-compat:28.0.0] AndroidManifest.xml:22:18-91
78        android:configChanges="orientation|keyboardHidden|screenSize"
78-->src\main\AndroidManifest.xml:65:9-70
79        android:icon="@drawable/abc"
79-->src\main\AndroidManifest.xml:66:9-37
80        android:label="指算"
80-->src\main\AndroidManifest.xml:67:9-27
81        android:screenOrientation="portrait"
81-->src\main\AndroidManifest.xml:68:9-45
82        android:supportsRtl="true"
82-->[:circleprogress] AndroidManifest.xml:14:9-35
83        android:theme="@style/AppTheme"
83-->src\main\AndroidManifest.xml:69:9-40
84        android:usesCleartextTraffic="true"
84-->src\main\AndroidManifest.xml:70:9-44
85        android:vmSafeMode="true" >
85-->[:ocr_ui] AndroidManifest.xml:25:9-34
86        <activity android:name="com.kym.ui.activity.ImgBannerActivity" />
86-->src\main\AndroidManifest.xml:72:9-74
86-->src\main\AndroidManifest.xml:72:19-71
87        <activity android:name="com.kym.ui.activity.AllQianYueListActivity" />
87-->src\main\AndroidManifest.xml:73:9-79
87-->src\main\AndroidManifest.xml:73:19-76
88        <activity
88-->src\main\AndroidManifest.xml:74:9-84:20
89            android:name="com.kym.ui.comeActivity"
89-->src\main\AndroidManifest.xml:75:13-51
90            android:configChanges="orientation|keyboardHidden"
90-->src\main\AndroidManifest.xml:76:13-63
91            android:screenOrientation="portrait"
91-->src\main\AndroidManifest.xml:77:13-49
92            android:windowSoftInputMode="stateAlwaysHidden|adjustResize" >
92-->src\main\AndroidManifest.xml:78:13-73
93            <intent-filter>
93-->src\main\AndroidManifest.xml:79:13-83:29
94                <action android:name="android.intent.action.MAIN" />
94-->src\main\AndroidManifest.xml:80:17-69
94-->src\main\AndroidManifest.xml:80:25-66
95
96                <category android:name="android.intent.category.LAUNCHER" />
96-->src\main\AndroidManifest.xml:82:17-77
96-->src\main\AndroidManifest.xml:82:27-74
97            </intent-filter>
98        </activity>
99        <activity
99-->src\main\AndroidManifest.xml:85:9-89:76
100            android:name="com.kym.ui.activity.WelcomeActivity"
100-->src\main\AndroidManifest.xml:86:13-63
101            android:configChanges="orientation|keyboardHidden"
101-->src\main\AndroidManifest.xml:87:13-63
102            android:screenOrientation="portrait"
102-->src\main\AndroidManifest.xml:88:13-49
103            android:windowSoftInputMode="stateAlwaysHidden|adjustResize" /> <!-- //android:usesCleartextTraffic="true" -->
103-->src\main\AndroidManifest.xml:89:13-73
104        <!-- android:name=".util.MyApplication" -->
105        <!-- android:name="android.support.multidex.MultiDexApplication" -->
106        <!-- qq sdk配置 -->
107        <activity
107-->src\main\AndroidManifest.xml:93:9-105:20
108            android:name="com.tencent.tauth.AuthActivity"
108-->src\main\AndroidManifest.xml:94:13-58
109            android:launchMode="singleTask"
109-->src\main\AndroidManifest.xml:95:13-44
110            android:noHistory="true" >
110-->src\main\AndroidManifest.xml:96:13-37
111            <intent-filter>
111-->src\main\AndroidManifest.xml:97:13-104:29
112                <action android:name="android.intent.action.VIEW" />
112-->src\main\AndroidManifest.xml:98:17-69
112-->src\main\AndroidManifest.xml:98:25-66
113
114                <category android:name="android.intent.category.DEFAULT" />
114-->src\main\AndroidManifest.xml:100:17-76
114-->src\main\AndroidManifest.xml:100:27-73
115                <category android:name="android.intent.category.BROWSABLE" />
115-->src\main\AndroidManifest.xml:101:17-78
115-->src\main\AndroidManifest.xml:101:27-75
116
117                <data android:scheme="tencent1106647221" />
117-->src\main\AndroidManifest.xml:103:23-52
118            </intent-filter>
119        </activity>
120
121        <service android:name="com.amap.api.location.APSService" /> <!-- alipay sdk begin -->
121-->src\main\AndroidManifest.xml:107:9-68
121-->src\main\AndroidManifest.xml:107:18-65
122        <activity
122-->src\main\AndroidManifest.xml:108:9-113:70
123            android:name="com.alipay.sdk.app.H5PayActivity"
123-->src\main\AndroidManifest.xml:109:13-60
124            android:configChanges="orientation|keyboardHidden|navigation|screenSize"
124-->src\main\AndroidManifest.xml:110:13-85
125            android:exported="false"
125-->src\main\AndroidManifest.xml:111:13-37
126            android:screenOrientation="behind"
126-->src\main\AndroidManifest.xml:112:13-47
127            android:windowSoftInputMode="adjustResize|stateHidden" />
127-->src\main\AndroidManifest.xml:113:13-67
128        <activity
128-->src\main\AndroidManifest.xml:114:9-119:70
129            android:name="com.alipay.sdk.app.H5AuthActivity"
129-->src\main\AndroidManifest.xml:115:13-61
130            android:configChanges="orientation|keyboardHidden|navigation"
130-->src\main\AndroidManifest.xml:116:13-74
131            android:exported="false"
131-->src\main\AndroidManifest.xml:117:13-37
132            android:screenOrientation="behind"
132-->src\main\AndroidManifest.xml:118:13-47
133            android:windowSoftInputMode="adjustResize|stateHidden" /> <!-- alipay sdk end -->
133-->src\main\AndroidManifest.xml:119:13-67
134
135
136        <!-- 高德地图key -->
137        <meta-data
138            android:name="com.amap.api.v2.apikey"
138-->src\main\AndroidManifest.xml:123:13-50
139            android:value="edaba156353a30355acee5376cdd3978" />
139-->src\main\AndroidManifest.xml:124:13-41
140
141        <!-- ***********************个推配置开始********************** -->
142        <meta-data
143            android:name="PUSH_APPID"
143-->src\main\AndroidManifest.xml:128:13-38
144            android:value="xm2JxZ5uFkAjJsiEzDGyUA" />
144-->src\main\AndroidManifest.xml:129:13-43
145        <meta-data
146            android:name="PUSH_APPKEY"
146-->src\main\AndroidManifest.xml:132:13-39
147            android:value="CL86jik1uO7jWj2nzgOh36" />
147-->src\main\AndroidManifest.xml:133:13-44
148        <meta-data
149            android:name="PUSH_APPSECRET"
149-->src\main\AndroidManifest.xml:136:13-42
150            android:value="R3Rc5A6rGM60RY5mgiVj7A" /> <!-- 用户自定义服务名 -->
150-->src\main\AndroidManifest.xml:137:13-47
151        <service
151-->src\main\AndroidManifest.xml:139:9-143:46
152            android:name="com.kym.ui.getui.DemoPushService"
152-->src\main\AndroidManifest.xml:140:13-60
153            android:exported="true"
153-->src\main\AndroidManifest.xml:141:13-36
154            android:label="PushService"
154-->src\main\AndroidManifest.xml:142:13-40
155            android:process=":pushservice" /> <!-- android:permission在2.13.1.0版本后必须配置 -->
155-->src\main\AndroidManifest.xml:143:13-43
156        <service
156-->src\main\AndroidManifest.xml:144:9-146:72
157            android:name="com.kym.ui.getui.DemoIntentService"
157-->src\main\AndroidManifest.xml:145:13-62
158            android:permission="android.permission.BIND_JOB_SERVICE" />
158-->src\main\AndroidManifest.xml:146:13-69
159        <!-- ***********************个推配置结束********************** -->
160        <activity
160-->src\main\AndroidManifest.xml:148:9-152:55
161            android:name="com.kym.ui.activity.LoginActivity"
161-->src\main\AndroidManifest.xml:149:13-61
162            android:configChanges="orientation|keyboardHidden"
162-->src\main\AndroidManifest.xml:150:13-63
163            android:screenOrientation="portrait"
163-->src\main\AndroidManifest.xml:151:13-49
164            android:windowSoftInputMode="adjustPan" />
164-->src\main\AndroidManifest.xml:152:13-52
165        <activity
165-->src\main\AndroidManifest.xml:153:9-156:55
166            android:name="com.kym.ui.activity.SecondActivity"
166-->src\main\AndroidManifest.xml:154:13-62
167            android:screenOrientation="portrait"
167-->src\main\AndroidManifest.xml:155:13-49
168            android:windowSoftInputMode="adjustPan" />
168-->src\main\AndroidManifest.xml:156:13-52
169        <activity
169-->src\main\AndroidManifest.xml:157:9-161:73
170            android:name="com.kym.ui.activity.RegisterActivity"
170-->src\main\AndroidManifest.xml:158:13-64
171            android:configChanges="orientation|keyboardHidden"
171-->src\main\AndroidManifest.xml:159:13-63
172            android:screenOrientation="portrait"
172-->src\main\AndroidManifest.xml:160:13-49
173            android:windowSoftInputMode="adjustPan|stateAlwaysHidden" />
173-->src\main\AndroidManifest.xml:161:13-70
174        <activity
174-->src\main\AndroidManifest.xml:162:9-166:76
175            android:name="com.kym.ui.activity.MessageCenterContentActivity"
175-->src\main\AndroidManifest.xml:163:13-76
176            android:configChanges="orientation|keyboardHidden"
176-->src\main\AndroidManifest.xml:164:13-63
177            android:screenOrientation="portrait"
177-->src\main\AndroidManifest.xml:165:13-49
178            android:windowSoftInputMode="stateAlwaysHidden|adjustResize" />
178-->src\main\AndroidManifest.xml:166:13-73
179        <activity
179-->src\main\AndroidManifest.xml:167:9-171:52
180            android:name="com.kym.ui.wxapi.WXEntryActivity"
180-->src\main\AndroidManifest.xml:168:13-60
181            android:configChanges="orientation|keyboardHidden"
181-->src\main\AndroidManifest.xml:169:13-63
182            android:exported="true"
182-->src\main\AndroidManifest.xml:170:13-36
183            android:screenOrientation="portrait" />
183-->src\main\AndroidManifest.xml:171:13-49
184        <activity
184-->src\main\AndroidManifest.xml:172:9-177:76
185            android:name="com.kym.ui.LianxiActivity_new"
185-->src\main\AndroidManifest.xml:173:13-57
186            android:configChanges="orientation|keyboardHidden"
186-->src\main\AndroidManifest.xml:174:13-63
187            android:label="@string/title_activity_lianxi"
187-->src\main\AndroidManifest.xml:175:13-58
188            android:screenOrientation="portrait"
188-->src\main\AndroidManifest.xml:176:13-49
189            android:windowSoftInputMode="stateAlwaysHidden|adjustResize" />
189-->src\main\AndroidManifest.xml:177:13-73
190        <activity
190-->src\main\AndroidManifest.xml:178:9-181:52
191            android:name="com.kym.ui.ShangHuActivity"
191-->src\main\AndroidManifest.xml:179:13-54
192            android:label="@string/title_activity_myshanghu_new"
192-->src\main\AndroidManifest.xml:180:13-65
193            android:screenOrientation="portrait" />
193-->src\main\AndroidManifest.xml:181:13-49
194        <activity
194-->src\main\AndroidManifest.xml:182:9-186:101
195            android:name="com.kym.ui.SearchActivity"
195-->src\main\AndroidManifest.xml:183:13-53
196            android:label="@string/title_activity_search"
196-->src\main\AndroidManifest.xml:184:13-58
197            android:screenOrientation="portrait"
197-->src\main\AndroidManifest.xml:185:13-49
198            android:windowSoftInputMode="stateVisible|adjustResize|stateHidden|stateAlwaysHidden" />
198-->src\main\AndroidManifest.xml:186:13-98
199        <activity
199-->src\main\AndroidManifest.xml:187:9-190:52
200            android:name="com.kym.ui.activity.zhanghu.ZhangHuActivity"
200-->src\main\AndroidManifest.xml:188:13-71
201            android:label="@string/title_activity_zhang_hu"
201-->src\main\AndroidManifest.xml:189:13-60
202            android:screenOrientation="portrait" />
202-->src\main\AndroidManifest.xml:190:13-49
203        <activity
203-->src\main\AndroidManifest.xml:191:9-194:52
204            android:name="com.kym.ui.activity.zhanghu.FanXianzhActivity"
204-->src\main\AndroidManifest.xml:192:13-73
205            android:label="@string/title_activity_fan_xianzh"
205-->src\main\AndroidManifest.xml:193:13-62
206            android:screenOrientation="portrait" />
206-->src\main\AndroidManifest.xml:194:13-49
207        <activity
207-->src\main\AndroidManifest.xml:195:9-198:52
208            android:name="com.kym.ui.activity.zhanghu.FanXianTiXianActivity"
208-->src\main\AndroidManifest.xml:196:13-77
209            android:label="@string/title_activity_fan_xian_yer_ti_xian"
209-->src\main\AndroidManifest.xml:197:13-72
210            android:screenOrientation="portrait" />
210-->src\main\AndroidManifest.xml:198:13-49
211        <activity
211-->src\main\AndroidManifest.xml:199:9-202:52
212            android:name="com.kym.ui.PublicWebActivity"
212-->src\main\AndroidManifest.xml:200:13-56
213            android:label="@string/title_activity_public_web"
213-->src\main\AndroidManifest.xml:201:13-62
214            android:screenOrientation="portrait" />
214-->src\main\AndroidManifest.xml:202:13-49
215        <activity
215-->src\main\AndroidManifest.xml:203:9-206:52
216            android:name="com.kym.ui.activity.zhanghu.XinYongKaActivity"
216-->src\main\AndroidManifest.xml:204:13-73
217            android:label="@string/title_activity_xin_yong_ka"
217-->src\main\AndroidManifest.xml:205:13-63
218            android:screenOrientation="portrait" />
218-->src\main\AndroidManifest.xml:206:13-49
219        <activity
219-->src\main\AndroidManifest.xml:207:9-210:52
220            android:name="com.kym.ui.activity.zhanghu.NewDetailActivity"
220-->src\main\AndroidManifest.xml:208:13-73
221            android:label="@string/title_activity_new_detail"
221-->src\main\AndroidManifest.xml:209:13-62
222            android:screenOrientation="portrait" />
222-->src\main\AndroidManifest.xml:210:13-49
223        <activity
223-->src\main\AndroidManifest.xml:211:9-213:52
224            android:name="com.kym.ui.activity.huankuan.BankPlanActivity"
224-->src\main\AndroidManifest.xml:212:13-73
225            android:screenOrientation="portrait" />
225-->src\main\AndroidManifest.xml:213:13-49
226        <activity
226-->src\main\AndroidManifest.xml:214:9-218:101
227            android:name="com.kym.ui.BankChangeActivity"
227-->src\main\AndroidManifest.xml:215:13-57
228            android:label="@string/title_activity_bank_change"
228-->src\main\AndroidManifest.xml:216:13-63
229            android:screenOrientation="portrait"
229-->src\main\AndroidManifest.xml:217:13-49
230            android:windowSoftInputMode="stateVisible|adjustResize|stateHidden|stateAlwaysHidden" />
230-->src\main\AndroidManifest.xml:218:13-98
231        <activity
231-->src\main\AndroidManifest.xml:219:9-222:73
232            android:name="com.kym.ui.activity.huankuan.NewAddCreditCardActivity"
232-->src\main\AndroidManifest.xml:220:13-81
233            android:screenOrientation="portrait"
233-->src\main\AndroidManifest.xml:221:13-49
234            android:windowSoftInputMode="adjustPan|stateAlwaysHidden" />
234-->src\main\AndroidManifest.xml:222:13-70
235        <activity
235-->src\main\AndroidManifest.xml:223:9-225:52
236            android:name="com.kym.ui.activity.huankuan.NewRepaymentPlanActivity"
236-->src\main\AndroidManifest.xml:224:13-81
237            android:screenOrientation="portrait" />
237-->src\main\AndroidManifest.xml:225:13-49
238        <activity
238-->src\main\AndroidManifest.xml:226:9-229:52
239            android:name="com.kym.ui.activity.zhanghu.BankTiXianActivity"
239-->src\main\AndroidManifest.xml:227:13-74
240            android:label="@string/title_activity_bank_ti_xian"
240-->src\main\AndroidManifest.xml:228:13-64
241            android:screenOrientation="portrait" />
241-->src\main\AndroidManifest.xml:229:13-49
242        <activity
242-->src\main\AndroidManifest.xml:230:9-233:52
243            android:name="com.kym.ui.activity.zhanghu.BankTiXianDetailActivity"
243-->src\main\AndroidManifest.xml:231:13-80
244            android:label="@string/title_activity_bank_ti_xian_detail"
244-->src\main\AndroidManifest.xml:232:13-71
245            android:screenOrientation="portrait" />
245-->src\main\AndroidManifest.xml:233:13-49
246        <activity
246-->src\main\AndroidManifest.xml:234:9-236:52
247            android:name="com.kym.ui.activity.RepaymentPlanDetailActivity"
247-->src\main\AndroidManifest.xml:235:13-75
248            android:screenOrientation="portrait" />
248-->src\main\AndroidManifest.xml:236:13-49
249        <activity
249-->src\main\AndroidManifest.xml:237:9-240:52
250            android:name="com.kym.ui.activity.huankuan.BankSigNingActivity"
250-->src\main\AndroidManifest.xml:238:13-76
251            android:label="@string/title_activity_bank_sig_ning"
251-->src\main\AndroidManifest.xml:239:13-65
252            android:screenOrientation="portrait" />
252-->src\main\AndroidManifest.xml:240:13-49
253        <activity
253-->src\main\AndroidManifest.xml:241:9-244:52
254            android:name="com.kym.ui.UpGradeActivity"
254-->src\main\AndroidManifest.xml:242:13-54
255            android:label="@string/title_activity_up_grade"
255-->src\main\AndroidManifest.xml:243:13-60
256            android:screenOrientation="portrait" />
256-->src\main\AndroidManifest.xml:244:13-49
257        <activity
257-->src\main\AndroidManifest.xml:245:9-247:52
258            android:name="com.kym.ui.activity.huankuan.NewRepaymentDetailActivity"
258-->src\main\AndroidManifest.xml:246:13-83
259            android:screenOrientation="portrait" />
259-->src\main\AndroidManifest.xml:247:13-49
260        <activity
260-->src\main\AndroidManifest.xml:248:9-251:52
261            android:name="com.kym.ui.FenRunActivity"
261-->src\main\AndroidManifest.xml:249:13-53
262            android:label="@string/title_activity_fen_run"
262-->src\main\AndroidManifest.xml:250:13-59
263            android:screenOrientation="portrait" />
263-->src\main\AndroidManifest.xml:251:13-49
264        <activity
264-->src\main\AndroidManifest.xml:252:9-255:52
265            android:name="com.kym.ui.FenRunDetailActivity"
265-->src\main\AndroidManifest.xml:253:13-59
266            android:label="@string/title_activity_fen_run_detail"
266-->src\main\AndroidManifest.xml:254:13-66
267            android:screenOrientation="portrait" />
267-->src\main\AndroidManifest.xml:255:13-49
268        <activity
268-->src\main\AndroidManifest.xml:256:9-258:52
269            android:name="com.kym.ui.activity.ShareQRCodeActivity"
269-->src\main\AndroidManifest.xml:257:13-67
270            android:screenOrientation="portrait" />
270-->src\main\AndroidManifest.xml:258:13-49
271        <activity
271-->src\main\AndroidManifest.xml:259:9-263:73
272            android:name="com.kym.ui.activity.bpbro_safe.RegisterActivity_x"
272-->src\main\AndroidManifest.xml:260:13-77
273            android:label="@string/title_activity_register_x"
273-->src\main\AndroidManifest.xml:261:13-62
274            android:screenOrientation="portrait"
274-->src\main\AndroidManifest.xml:262:13-49
275            android:windowSoftInputMode="adjustPan|stateAlwaysHidden" />
275-->src\main\AndroidManifest.xml:263:13-70
276        <activity
276-->src\main\AndroidManifest.xml:264:9-267:52
277            android:name="com.kym.ui.ShaiXunActivity"
277-->src\main\AndroidManifest.xml:265:13-54
278            android:label="@string/title_activity_shai_xun"
278-->src\main\AndroidManifest.xml:266:13-60
279            android:screenOrientation="portrait" />
279-->src\main\AndroidManifest.xml:267:13-49
280        <activity
280-->src\main\AndroidManifest.xml:268:9-271:52
281            android:name="com.kym.ui.activity.news.NewsActivity"
281-->src\main\AndroidManifest.xml:269:13-65
282            android:label="@string/title_activity_news"
282-->src\main\AndroidManifest.xml:270:13-56
283            android:screenOrientation="portrait" />
283-->src\main\AndroidManifest.xml:271:13-49
284        <activity
284-->src\main\AndroidManifest.xml:272:9-274:78
285            android:name="com.kym.ui.activity.zhanghu.FanXianTiXianDetailActivity"
285-->src\main\AndroidManifest.xml:273:13-83
286            android:label="@string/title_activity_fan_xian_ti_xian_detail" />
286-->src\main\AndroidManifest.xml:274:13-75
287        <activity
287-->src\main\AndroidManifest.xml:275:9-277:72
288            android:name="com.kym.ui.activity.zhanghu.FanXianDetailActivity_x"
288-->src\main\AndroidManifest.xml:276:13-79
289            android:label="@string/title_activity_fan_xian_detail_x" />
289-->src\main\AndroidManifest.xml:277:13-69
290        <activity
290-->src\main\AndroidManifest.xml:278:9-280:73
291            android:name="com.kym.ui.activity.zhanghu.FanXianDetailActivity_xx"
291-->src\main\AndroidManifest.xml:279:13-80
292            android:label="@string/title_activity_fan_xian_detail_xx" />
292-->src\main\AndroidManifest.xml:280:13-70
293        <activity android:name="com.kym.ui.activity.SpecialPublicWebActivity" />
293-->src\main\AndroidManifest.xml:281:9-81
293-->src\main\AndroidManifest.xml:281:19-78
294        <activity android:name="com.kym.ui.SpecialPublicWebActivity" />
294-->src\main\AndroidManifest.xml:282:9-72
294-->src\main\AndroidManifest.xml:282:19-69
295        <activity android:name="com.kym.ui.activity.CardTestWebActivity" />
295-->src\main\AndroidManifest.xml:283:9-76
295-->src\main\AndroidManifest.xml:283:19-73
296        <activity android:name="com.kym.ui.OrderActivity" />
296-->src\main\AndroidManifest.xml:284:9-61
296-->src\main\AndroidManifest.xml:284:19-58
297        <activity
297-->src\main\AndroidManifest.xml:285:9-287:39
298            android:name="com.kym.ui.PayActivity"
298-->src\main\AndroidManifest.xml:286:13-50
299            android:exported="true" />
299-->src\main\AndroidManifest.xml:287:13-36
300        <activity
300-->src\main\AndroidManifest.xml:288:9-292:52
301            android:name="com.kym.ui.wxapi.WXPayEntryActivity"
301-->src\main\AndroidManifest.xml:289:13-63
302            android:configChanges="orientation|keyboardHidden"